<?xml version="1.0" encoding="UTF-8"?>
<!-- Generated by org.testng.reporters.JUnitReportReporter -->
<testsuite hostname="user" failures="5" tests="7" name="com.inetBanking.testCases.TC_LoginDDT_002" time="142.836" errors="0" timestamp="2020-07-19T21:50:30 BST" skipped="0">
  <testcase classname="com.inetBanking.testCases.TC_LoginDDT_002" name="LoginDDT" time="15.448">
    <failure message="expected [true] but found [false]" type="java.lang.AssertionError">
      <![CDATA[java.lang.AssertionError: expected [true] but found [false]
at com.inetBanking.testCases.TC_LoginDDT_002.LoginDDT(TC_LoginDDT_002.java:32)
]]>
    </failure>
  </testcase> <!-- LoginDDT -->
  <system-out/>
  <testcase classname="com.inetBanking.testCases.TC_LoginDDT_002" name="LoginDDT" time="18.047">
    <failure message="expected [true] but found [false]" type="java.lang.AssertionError">
      <![CDATA[java.lang.AssertionError: expected [true] but found [false]
at com.inetBanking.testCases.TC_LoginDDT_002.LoginDDT(TC_LoginDDT_002.java:32)
]]>
    </failure>
  </testcase> <!-- LoginDDT -->
  <system-out/>
  <testcase classname="com.inetBanking.testCases.TC_LoginDDT_002" name="LoginDDT" time="35.478"/>
  <system-out/>
  <testcase classname="com.inetBanking.testCases.TC_LoginDDT_002" name="LoginDDT" time="21.107"/>
  <system-out/>
  <testcase classname="com.inetBanking.testCases.TC_LoginDDT_002" name="LoginDDT" time="16.408">
    <failure message="expected [true] but found [false]" type="java.lang.AssertionError">
      <![CDATA[java.lang.AssertionError: expected [true] but found [false]
at com.inetBanking.testCases.TC_LoginDDT_002.LoginDDT(TC_LoginDDT_002.java:32)
]]>
    </failure>
  </testcase> <!-- LoginDDT -->
  <system-out/>
  <testcase classname="com.inetBanking.testCases.TC_LoginDDT_002" name="LoginDDT" time="16.240">
    <failure message="expected [true] but found [false]" type="java.lang.AssertionError">
      <![CDATA[java.lang.AssertionError: expected [true] but found [false]
at com.inetBanking.testCases.TC_LoginDDT_002.LoginDDT(TC_LoginDDT_002.java:32)
]]>
    </failure>
  </testcase> <!-- LoginDDT -->
  <system-out/>
  <testcase classname="com.inetBanking.testCases.TC_LoginDDT_002" name="LoginDDT" time="20.108">
    <failure message="expected [true] but found [false]" type="java.lang.AssertionError">
      <![CDATA[java.lang.AssertionError: expected [true] but found [false]
at com.inetBanking.testCases.TC_LoginDDT_002.LoginDDT(TC_LoginDDT_002.java:32)
]]>
    </failure>
  </testcase> <!-- LoginDDT -->
  <system-out/>
</testsuite> <!-- com.inetBanking.testCases.TC_LoginDDT_002 -->
