<?xml version="1.0" encoding="UTF-8"?>
<!-- Generated by org.testng.reporters.JUnitReportReporter -->
<testsuite hostname="user" failures="0" tests="8" name="com.inetBanking.testCases.TC_LoginDDT_002" time="-1597025152.000" errors="1" timestamp="2020-08-10T03:06:16 BST" skipped="7">
  <testcase classname="com.inetBanking.testCases.TC_LoginDDT_002" name="setup" time="-1597025152.000">
    <error message="
Parameter &#039;browser&#039; is required by BeforeClass on method setup but has not been marked @Optional or defined
in C:\Users\user1\AppData\Local\Temp\testng-eclipse-1093416233\testng-customsuite.xml" type="org.testng.TestNGException">
      <![CDATA[org.testng.TestNGException: 
Parameter 'browser' is required by BeforeClass on method setup but has not been marked @Optional or defined
in C:\Users\user1\AppData\Local\Temp\testng-eclipse-1093416233\testng-customsuite.xml
]]>
    </error>
  </testcase> <!-- setup -->
  <system-out/>
  <testcase classname="com.inetBanking.testCases.TC_LoginDDT_002" name="LoginDDT" time="0.000">
    <skipped/>
  </testcase> <!-- LoginDDT -->
  <system-out/>
  <testcase classname="com.inetBanking.testCases.TC_LoginDDT_002" name="LoginDDT" time="0.000">
    <skipped/>
  </testcase> <!-- LoginDDT -->
  <system-out/>
  <testcase classname="com.inetBanking.testCases.TC_LoginDDT_002" name="LoginDDT" time="0.000">
    <skipped/>
  </testcase> <!-- LoginDDT -->
  <system-out/>
  <testcase classname="com.inetBanking.testCases.TC_LoginDDT_002" name="LoginDDT" time="0.000">
    <skipped/>
  </testcase> <!-- LoginDDT -->
  <system-out/>
  <testcase classname="com.inetBanking.testCases.TC_LoginDDT_002" name="LoginDDT" time="0.000">
    <skipped/>
  </testcase> <!-- LoginDDT -->
  <system-out/>
  <testcase classname="com.inetBanking.testCases.TC_LoginDDT_002" name="LoginDDT" time="0.000">
    <skipped/>
  </testcase> <!-- LoginDDT -->
  <system-out/>
  <testcase classname="com.inetBanking.testCases.TC_LoginDDT_002" name="LoginDDT" time="0.000">
    <skipped/>
  </testcase> <!-- LoginDDT -->
  <system-out/>
</testsuite> <!-- com.inetBanking.testCases.TC_LoginDDT_002 -->
